-------------------------------------------------------------------------------
Test set: LoginTest
-------------------------------------------------------------------------------
Tests run: 3, Failures: 1, Errors: 0, Skipped: 0, Time elapsed: 25.856 s <<< FAILURE! - in LoginTest
LoginTest.loginTestNegativeInvalidPassword  Time elapsed: 4.749 s  <<< FAILURE!
java.lang.AssertionError: 
The following asserts failed:
	expected [password not valid] but found [Could not find user]
	at LoginTest.loginTestNegativeInvalidPassword(LoginTest.java:60)

